<?xml version="1.0" encoding="UTF-8"?>
<!-- Generated by org.testng.reporters.JUnitReportReporter -->
<testsuite hostname="PDC-DNN-43" failures="0" tests="3" name="com.TestLayer.LoginPageTest" time="7.593" errors="0" timestamp="15 Feb 2022 07:20:51 GMT">
  <testcase classname="com.TestLayer.LoginPageTest" name="Loginbtn" time="6.459"/>
  <testcase classname="com.TestLayer.LoginPageTest" name="DisplayedPass" time="1.000"/>
  <testcase classname="com.TestLayer.LoginPageTest" name="DisplayedUser" time="0.134"/>
</testsuite> <!-- com.TestLayer.LoginPageTest -->
