<?xml version="1.0" encoding="UTF-8"?>
<!-- Generated by org.testng.reporters.JUnitReportReporter -->
<testsuite hostname="PDC-DNN-43" failures="0" tests="3" name="com.TestLayer.LoginFJavaScript" time="10.856" errors="0" timestamp="3 Feb 2022 08:31:41 GMT">
  <testcase classname="com.TestLayer.LoginFJavaScript" name="loginFunctionality" time="5.115"/>
  <testcase classname="com.TestLayer.LoginFJavaScript" name="captureTitle" time="0.016"/>
  <testcase classname="com.TestLayer.LoginFJavaScript" name="openUrlByJs" time="5.725"/>
</testsuite> <!-- com.TestLayer.LoginFJavaScript -->
